TACC: Setting memory limits for job 1439873 to 31876710 KB
TACC: Dumping job script:
--------------------------------------------------------------------------------
#!/bin/bash


# Specify the queue explicitly
#$ -q request

# Specify V 
#$ -V 

# Specify to run from current working directory 
#$ -cwd 

# Specify number of cpus in a machine-specific way
#$ -pe 1way 16

# Specify the wall clock time
#$ -l h_rt=03:00:00

# Merge stderr to stdout (optional, otherwise they're in separate files)
#$ -j y

# Name the job (this will appear in the output from the qstat command)
#$ -N ParticleTracking 

# Specify the output filename explicitly (optional; the default is named
# from the job ID, in the directory where qsub was run.)
#$ -o /work/01053/rweaver/PartTrack/TRACKING_FILES/PartTrack.out

# Specify the account that the time should be taken from 
#$ -A TG-DMS100024

# Request mail when job ends, or is aborted (optional, default is "a" only)
# (commented out)
# $ -m ea

# Specify email address
# $ -M rjweaver@email.unc.edu


newgrp G-81535
# some commands
set echo
umask 007
umask 
umask 006
umask 026


# Clean out all modules
module purge
# Reset to TACC baseline
module load TACC
# Unload default compiler and mpi stack
# module unload pgi mvapich2
# Load which ever combination you need
# module load pgi
# module load mvapich/1.0.1
module load intel/11.1
module load ddt

# The directory to start in 
cd /work/01053/rweaver/PartTrack/TRACKING_FILES

# These are the actual commands to be executed.

    DATETIME=`date +'%Y-%h-%d-T%H:%M:%S'`
    echo "[${DATETIME}] : Job starting"          >> run.pt.start
    echo "[${DATETIME}] : /work/01053/rweaver/PartTrack/TRACKING_FILES " >> run.pt.start
    echo "[${DATETIME}] : PartTrack"               >> run.pt.start

     ./drog2dsp_deepwater.exe > PartTrack_out

    ERROVALUE=$?
    DATETIME=`date +'%Y-%h-%d-T%H:%M:%S'`
    if [ $ERROVALUE == 0 ] ; then
    echo "[${DATETIME}] : Job finished with return value = $ERROVALUE" >> run.pt.finish
    echo "[${DATETIME}] :  /work/01053/rweaver/PartTrack/TRACKING_FILES "               >> run.pt.finish
    echo "[${DATETIME}] :  PartTrack"                           >> run.pt.finish
    else
    echo "[${DATETIME}] : Job finished with return value = $ERROVALUE" >> run.pt.error
    echo "[${DATETIME}] :  /work/01053/rweaver/PartTrack/TRACKING_FILES  %enstorm%"               >> run.pt.error
    echo "[${DATETIME}] :  PartTrack"                             >> run.pt.error
    fi

# You don't need anything special at the end of the script.
--------------------------------------------------------------------------------
TACC: Done.
0007
	Module intel already loaded

Due to MODULEPATH changes the follow modules have been reloaded:
  1) mvapich
forrtl: No such file or directory
forrtl: severe (29): file not found, unit 90, file /work/01053/rweaver/PartTrack/TRACKING_FILES/drogue_input_1
Image              PC                Routine            Line        Source             
drog2dsp_deepwate  000000000049BC1D  Unknown               Unknown  Unknown
drog2dsp_deepwate  000000000049A725  Unknown               Unknown  Unknown
drog2dsp_deepwate  0000000000444859  Unknown               Unknown  Unknown
drog2dsp_deepwate  000000000040FACF  Unknown               Unknown  Unknown
drog2dsp_deepwate  000000000040F30A  Unknown               Unknown  Unknown
drog2dsp_deepwate  000000000041874D  Unknown               Unknown  Unknown
drog2dsp_deepwate  0000000000403196  Unknown               Unknown  Unknown
drog2dsp_deepwate  00000000004030CC  Unknown               Unknown  Unknown
libc.so.6          0000003ABFD1C3FB  Unknown               Unknown  Unknown
drog2dsp_deepwate  0000000000402FFA  Unknown               Unknown  Unknown
TACC: Cleaning up after job: 1439873
TACC: Done.
