timestamp INFO: storm_track_gen.pl: The BEST track ATCF file 'input003/bal112017.dat' for scenario 'testscenario' was not found and will not be processed.
timestamp INFO: storm_track_gen.pl: The cold start date was not specified using the --coldstartdate argument.
timestamp INFO: storm_track_gen.pl: The starting date/time of the BEST track data is 'notfound'.
timestamp INFO: storm_track_gen.pl: The starting date/time of the OFCL track data is ' 2017090815'.
timestamp INFO: storm_track_gen.pl: Failed to open BEST track ATCF file 'input003/bal112017.dat' for scenario 'testscenario': No such file or directory.
timestamp INFO: storm_track_gen.pl: The fort.22 will be configured to start on ' 2017090815' UTC.
timestamp INFO: storm_track_gen.pl: The forecast period tau is    0
timestamp INFO: storm_track_gen.pl: The forecast period tau is    0
timestamp INFO: storm_track_gen.pl: The forecast period tau is    0
timestamp INFO: storm_track_gen.pl: The forecast period tau is    9
timestamp INFO: storm_track_gen.pl: The forecast period tau is    9
timestamp INFO: storm_track_gen.pl: The forecast period tau is    9
timestamp INFO: storm_track_gen.pl: The forecast period tau is   21
timestamp INFO: storm_track_gen.pl: The forecast period tau is   21
timestamp INFO: storm_track_gen.pl: The forecast period tau is   21
timestamp INFO: storm_track_gen.pl: The forecast period tau is   33
timestamp INFO: storm_track_gen.pl: The forecast period tau is   33
timestamp INFO: storm_track_gen.pl: The forecast period tau is   33
timestamp INFO: storm_track_gen.pl: The forecast period tau is   45
timestamp INFO: storm_track_gen.pl: The forecast period tau is   45
timestamp INFO: storm_track_gen.pl: The forecast period tau is   69
timestamp INFO: storm_track_gen.pl: The forecast period tau is   69
timestamp INFO: storm_track_gen.pl: The forecast period tau is   93
timestamp INFO: storm_track_gen.pl: The forecast period tau is  117
