timestamp INFO: storm_track_gen.pl: The cold start date was not specified using the --coldstartdate argument.
timestamp INFO: storm_track_gen.pl: The starting date/time of the BEST track data is '2017082718'.
timestamp INFO: storm_track_gen.pl: The starting date/time of the OFCL track data is ' 2017090815'.
timestamp WARNING: storm_track_gen.pl: The storm name in 'input006/bal112017.dat' on line '1' contains 'GENESIS023' which does not indicate a closed circulation.
timestamp INFO: storm_track_gen.pl: The central pressure storm name in 'input006/bal112017.dat' on line '1' is '0'. This line will be skipped.
timestamp WARNING: storm_track_gen.pl: The storm name in 'input006/bal112017.dat' on line '2' contains 'GENESIS023' which does not indicate a closed circulation.
timestamp INFO: storm_track_gen.pl: The central pressure storm name in 'input006/bal112017.dat' on line '2' is '0'. This line will be skipped.
timestamp WARNING: storm_track_gen.pl: The storm name in 'input006/bal112017.dat' on line '3' contains 'INVEST' which does not indicate a closed circulation.
timestamp INFO: storm_track_gen.pl: The cold start date will be set to 2017082806 UTC.
timestamp INFO: storm_track_gen.pl: The fort.22 will be configured to start on '2017082806' UTC.
timestamp INFO: storm_track_gen.pl: The forecast period tau is    0
timestamp INFO: storm_track_gen.pl: The forecast period tau is    0
timestamp INFO: storm_track_gen.pl: The forecast period tau is    0
timestamp INFO: storm_track_gen.pl: The forecast period tau is    9
timestamp INFO: storm_track_gen.pl: The forecast period tau is    9
timestamp INFO: storm_track_gen.pl: The forecast period tau is    9
timestamp INFO: storm_track_gen.pl: The forecast period tau is   21
timestamp INFO: storm_track_gen.pl: The forecast period tau is   21
timestamp INFO: storm_track_gen.pl: The forecast period tau is   21
timestamp INFO: storm_track_gen.pl: The forecast period tau is   33
timestamp INFO: storm_track_gen.pl: The forecast period tau is   33
timestamp INFO: storm_track_gen.pl: The forecast period tau is   33
timestamp INFO: storm_track_gen.pl: The forecast period tau is   45
timestamp INFO: storm_track_gen.pl: The forecast period tau is   45
timestamp INFO: storm_track_gen.pl: The forecast period tau is   69
timestamp INFO: storm_track_gen.pl: The forecast period tau is   69
timestamp INFO: storm_track_gen.pl: The forecast period tau is   93
timestamp INFO: storm_track_gen.pl: The forecast period tau is  117
