timestamp INFO: storm_track_gen.pl: The storm name in 'input006/bal112017.dat' on line '1' contains 'GENESIS023' which does not indicate a closed circulation. This line will be skipped.
timestamp INFO: storm_track_gen.pl: The storm name in 'input006/bal112017.dat' on line '2' contains 'GENESIS023' which does not indicate a closed circulation. This line will be skipped.
timestamp INFO: storm_track_gen.pl: The storm name in 'input006/bal112017.dat' on line '3' contains 'INVEST' which does not indicate a closed circulation. This line will be skipped.
timestamp INFO: storm_track_gen.pl: The storm name in 'input006/bal112017.dat' on line '4' contains 'INVEST' which does not indicate a closed circulation. This line will be skipped.
timestamp INFO: storm_track_gen.pl: The storm name in 'input006/bal112017.dat' on line '5' contains 'INVEST' which does not indicate a closed circulation. This line will be skipped.
timestamp INFO: storm_track_gen.pl: The storm name in 'input006/bal112017.dat' on line '6' contains 'INVEST' which does not indicate a closed circulation. This line will be skipped.
timestamp INFO: storm_track_gen.pl: The storm name in 'input006/bal112017.dat' on line '7' contains 'INVEST' which does not indicate a closed circulation. This line will be skipped.
timestamp INFO: storm_track_gen.pl: The storm name in 'input006/bal112017.dat' on line '8' contains 'INVEST' which does not indicate a closed circulation. This line will be skipped.
timestamp INFO: storm_track_gen.pl: The storm name in 'input006/bal112017.dat' on line '9' contains 'INVEST' which does not indicate a closed circulation. This line will be skipped.
timestamp INFO: storm_track_gen.pl: The storm name in 'input006/bal112017.dat' on line '10' contains 'INVEST' which does not indicate a closed circulation. This line will be skipped.
timestamp INFO: storm_track_gen.pl: The storm name in 'input006/bal112017.dat' on line '11' contains 'INVEST' which does not indicate a closed circulation. This line will be skipped.
timestamp INFO: storm_track_gen.pl: The fort.22 will be configured to start on 2017090800 UTC.
timestamp INFO: storm_track_gen.pl: The forecast period tau is    0
timestamp INFO: storm_track_gen.pl: The forecast period tau is    0
timestamp INFO: storm_track_gen.pl: The forecast period tau is    0
timestamp INFO: storm_track_gen.pl: The forecast period tau is    9
timestamp INFO: storm_track_gen.pl: The forecast period tau is    9
timestamp INFO: storm_track_gen.pl: The forecast period tau is    9
timestamp INFO: storm_track_gen.pl: The forecast period tau is   21
timestamp INFO: storm_track_gen.pl: The forecast period tau is   21
timestamp INFO: storm_track_gen.pl: The forecast period tau is   21
timestamp INFO: storm_track_gen.pl: The forecast period tau is   33
timestamp INFO: storm_track_gen.pl: The forecast period tau is   33
timestamp INFO: storm_track_gen.pl: The forecast period tau is   33
timestamp INFO: storm_track_gen.pl: The forecast period tau is   45
timestamp INFO: storm_track_gen.pl: The forecast period tau is   45
timestamp INFO: storm_track_gen.pl: The forecast period tau is   69
timestamp INFO: storm_track_gen.pl: The forecast period tau is   69
timestamp INFO: storm_track_gen.pl: The forecast period tau is   93
timestamp INFO: storm_track_gen.pl: The forecast period tau is  117
