timestamp INFO: storm_track_gen.pl: The track positions will be modified by +37.5 percent relative to the cone of uncertainty.
timestamp INFO: storm_track_gen.pl: The fort.22 will be configured to start on '2020082400' UTC.
timestamp INFO: storm_track_gen.pl: The forecast period tau is    0
timestamp INFO: storm_track_gen.pl: The forecast period tau is    0
timestamp INFO: storm_track_gen.pl: The forecast period tau is    9
timestamp INFO: storm_track_gen.pl: The forecast period tau is    9
timestamp INFO: storm_track_gen.pl: The forecast period tau is   21
timestamp INFO: storm_track_gen.pl: The forecast period tau is   21
timestamp INFO: storm_track_gen.pl: The forecast period tau is   33
timestamp INFO: storm_track_gen.pl: The forecast period tau is   33
timestamp INFO: storm_track_gen.pl: The forecast period tau is   33
timestamp INFO: storm_track_gen.pl: The forecast period tau is   45
timestamp INFO: storm_track_gen.pl: The forecast period tau is   45
timestamp INFO: storm_track_gen.pl: The forecast period tau is   45
timestamp INFO: storm_track_gen.pl: The forecast period tau is   57
timestamp INFO: storm_track_gen.pl: The forecast period tau is   57
timestamp INFO: storm_track_gen.pl: The forecast period tau is   69
timestamp INFO: storm_track_gen.pl: The forecast period tau is   69
timestamp INFO: storm_track_gen.pl: The forecast period tau is   93
timestamp INFO: storm_track_gen.pl: The forecast period tau is  117
